2026-03-23 00:05:04.336  WARN 49548 --- [DatebookHikariCP housekeeper] com.zaxxer.hikari.pool.HikariPool        : DatebookHikariCP - Thread starvation or clock leap detected (housekeeper delta=16m40s710ms).
2026-03-23 00:05:15.629  WARN 49548 --- [AuditLogRecorder] com.zaxxer.hikari.pool.PoolBase          : DatebookHikariCP - Failed to validate connection com.mysql.cj.jdbc.ConnectionImpl@14bfd44b (No operations allowed after connection closed.). Possibly consider using a shorter maxLifetime value.
2026-03-23 00:21:43.827  WARN 49548 --- [AuditLogRecorder] com.zaxxer.hikari.pool.PoolBase          : DatebookHikariCP - Failed to validate connection com.mysql.cj.jdbc.ConnectionImpl@52a9034e (No operations allowed after connection closed.). Possibly consider using a shorter maxLifetime value.
2026-03-23 00:21:43.833  WARN 49548 --- [AuditLogRecorder] c.s.s.impl.AuditLogAsyncRecorderService  : 异步写入审计日志失败 category=BUSINESS, uri=/iam/frontend-routes/me: Failed to obtain JDBC Connection; nested exception is java.sql.SQLTransientConnectionException: DatebookHikariCP - Connection is not available, request timed out after 993219ms.
2026-03-23 00:39:15.461  WARN 49548 --- [AuditLogRecorder] com.zaxxer.hikari.pool.PoolBase          : DatebookHikariCP - Failed to validate connection com.mysql.cj.jdbc.ConnectionImpl@6081ca9 (No operations allowed after connection closed.). Possibly consider using a shorter maxLifetime value.
2026-03-23 00:39:15.465  WARN 49548 --- [AuditLogRecorder] c.s.s.impl.AuditLogAsyncRecorderService  : 异步写入审计日志失败 category=BUSINESS, uri=/iam/frontend-routes/me: Failed to obtain JDBC Connection; nested exception is java.sql.SQLTransientConnectionException: DatebookHikariCP - Connection is not available, request timed out after 1051629ms.
2026-03-23 00:39:20.474  WARN 49548 --- [AuditLogRecorder] com.zaxxer.hikari.pool.PoolBase          : DatebookHikariCP - Failed to validate connection com.mysql.cj.jdbc.ConnectionImpl@69e6743b (No operations allowed after connection closed.). Possibly consider using a shorter maxLifetime value.
2026-03-23 00:40:17.548  WARN 49548 --- [scheduling-1] com.zaxxer.hikari.pool.PoolBase          : DatebookHikariCP - Failed to validate connection com.mysql.cj.jdbc.ConnectionImpl@6991e7b2 (No operations allowed after connection closed.). Possibly consider using a shorter maxLifetime value.
2026-03-23 00:40:19.714  WARN 49548 --- [AuditLogRecorder] com.zaxxer.hikari.pool.PoolBase          : DatebookHikariCP - Failed to validate connection com.mysql.cj.jdbc.ConnectionImpl@798e89fe (No operations allowed after connection closed.). Possibly consider using a shorter maxLifetime value.
2026-03-23 00:40:19.715  WARN 49548 --- [AuditLogRecorder] c.s.s.impl.AuditLogAsyncRecorderService  : 异步写入审计日志失败 category=SECURITY, uri=/security-auth/captcha: Failed to obtain JDBC Connection; nested exception is java.sql.SQLTransientConnectionException: DatebookHikariCP - Connection is not available, request timed out after 64248ms.
2026-03-23 00:40:19.721  WARN 49548 --- [AuditLogRecorder] com.zaxxer.hikari.pool.PoolBase          : DatebookHikariCP - Failed to validate connection com.mysql.cj.jdbc.ConnectionImpl@3fa52f32 (No operations allowed after connection closed.). Possibly consider using a shorter maxLifetime value.
2026-03-23 00:40:19.744  WARN 49548 --- [DatebookHikariCP housekeeper] com.zaxxer.hikari.pool.HikariPool        : DatebookHikariCP - Thread starvation or clock leap detected (housekeeper delta=35m15s411ms).
2026-03-23 00:43:48.322  WARN 49548 --- [scheduling-1] com.zaxxer.hikari.pool.PoolBase          : DatebookHikariCP - Failed to validate connection com.mysql.cj.jdbc.ConnectionImpl@2a40c479 (No operations allowed after connection closed.). Possibly consider using a shorter maxLifetime value.
2026-03-23 00:43:48.372  WARN 49548 --- [scheduling-1] com.zaxxer.hikari.pool.PoolBase          : DatebookHikariCP - Failed to validate connection com.mysql.cj.jdbc.ConnectionImpl@6858408e (No operations allowed after connection closed.). Possibly consider using a shorter maxLifetime value.
2026-03-23 00:43:48.389  WARN 49548 --- [scheduling-1] com.zaxxer.hikari.pool.PoolBase          : DatebookHikariCP - Failed to validate connection com.mysql.cj.jdbc.ConnectionImpl@20010bc0 (No operations allowed after connection closed.). Possibly consider using a shorter maxLifetime value.
2026-03-23 00:43:48.413  WARN 49548 --- [scheduling-1] com.zaxxer.hikari.pool.PoolBase          : DatebookHikariCP - Failed to validate connection com.mysql.cj.jdbc.ConnectionImpl@cce70b5 (No operations allowed after connection closed.). Possibly consider using a shorter maxLifetime value.
2026-03-23 00:43:48.424  WARN 49548 --- [scheduling-1] com.zaxxer.hikari.pool.PoolBase          : DatebookHikariCP - Failed to validate connection com.mysql.cj.jdbc.ConnectionImpl@1692f567 (No operations allowed after connection closed.). Possibly consider using a shorter maxLifetime value.
2026-03-23 00:43:50.483  WARN 49548 --- [DatebookHikariCP housekeeper] com.zaxxer.hikari.pool.HikariPool        : DatebookHikariCP - Thread starvation or clock leap detected (housekeeper delta=3m735ms).
2026-03-23 01:03:26.740  WARN 49548 --- [scheduling-1] com.zaxxer.hikari.pool.PoolBase          : DatebookHikariCP - Failed to validate connection com.mysql.cj.jdbc.ConnectionImpl@1493d84c (No operations allowed after connection closed.). Possibly consider using a shorter maxLifetime value.
2026-03-23 01:03:26.754  WARN 49548 --- [scheduling-1] com.zaxxer.hikari.pool.PoolBase          : DatebookHikariCP - Failed to validate connection com.mysql.cj.jdbc.ConnectionImpl@78e03555 (No operations allowed after connection closed.). Possibly consider using a shorter maxLifetime value.
2026-03-23 01:03:26.770  WARN 49548 --- [scheduling-1] com.zaxxer.hikari.pool.PoolBase          : DatebookHikariCP - Failed to validate connection com.mysql.cj.jdbc.ConnectionImpl@295b112b (No operations allowed after connection closed.). Possibly consider using a shorter maxLifetime value.
2026-03-23 01:03:26.794  WARN 49548 --- [scheduling-1] com.zaxxer.hikari.pool.PoolBase          : DatebookHikariCP - Failed to validate connection com.mysql.cj.jdbc.ConnectionImpl@3ed040b5 (No operations allowed after connection closed.). Possibly consider using a shorter maxLifetime value.
2026-03-23 01:03:26.809  WARN 49548 --- [scheduling-1] com.zaxxer.hikari.pool.PoolBase          : DatebookHikariCP - Failed to validate connection com.mysql.cj.jdbc.ConnectionImpl@12d0196b (No operations allowed after connection closed.). Possibly consider using a shorter maxLifetime value.
2026-03-23 01:03:28.320  WARN 49548 --- [DatebookHikariCP housekeeper] com.zaxxer.hikari.pool.HikariPool        : DatebookHikariCP - Thread starvation or clock leap detected (housekeeper delta=19m7s826ms).
2026-03-23 01:20:38.305  WARN 49548 --- [DatebookHikariCP housekeeper] com.zaxxer.hikari.pool.HikariPool        : DatebookHikariCP - Thread starvation or clock leap detected (housekeeper delta=17m9s986ms).
2026-03-23 01:21:07.289  WARN 49548 --- [scheduling-1] com.zaxxer.hikari.pool.PoolBase          : DatebookHikariCP - Failed to validate connection com.mysql.cj.jdbc.ConnectionImpl@1ac04af7 (No operations allowed after connection closed.). Possibly consider using a shorter maxLifetime value.
2026-03-23 01:21:07.302  WARN 49548 --- [scheduling-1] com.zaxxer.hikari.pool.PoolBase          : DatebookHikariCP - Failed to validate connection com.mysql.cj.jdbc.ConnectionImpl@595e515b (No operations allowed after connection closed.). Possibly consider using a shorter maxLifetime value.
2026-03-23 01:21:07.315  WARN 49548 --- [scheduling-1] com.zaxxer.hikari.pool.PoolBase          : DatebookHikariCP - Failed to validate connection com.mysql.cj.jdbc.ConnectionImpl@34bda076 (No operations allowed after connection closed.). Possibly consider using a shorter maxLifetime value.
2026-03-23 01:21:07.328  WARN 49548 --- [scheduling-1] com.zaxxer.hikari.pool.PoolBase          : DatebookHikariCP - Failed to validate connection com.mysql.cj.jdbc.ConnectionImpl@178843e (No operations allowed after connection closed.). Possibly consider using a shorter maxLifetime value.
2026-03-23 01:21:07.332  WARN 49548 --- [scheduling-1] com.zaxxer.hikari.pool.PoolBase          : DatebookHikariCP - Failed to validate connection com.mysql.cj.jdbc.ConnectionImpl@49022ae9 (No operations allowed after connection closed.). Possibly consider using a shorter maxLifetime value.
2026-03-23 01:39:10.122  WARN 49548 --- [DatebookHikariCP housekeeper] com.zaxxer.hikari.pool.HikariPool        : DatebookHikariCP - Thread starvation or clock leap detected (housekeeper delta=18m1s786ms).
2026-03-23 01:39:39.608  WARN 49548 --- [scheduling-1] com.zaxxer.hikari.pool.PoolBase          : DatebookHikariCP - Failed to validate connection com.mysql.cj.jdbc.ConnectionImpl@3b9acc32 (No operations allowed after connection closed.). Possibly consider using a shorter maxLifetime value.
2026-03-23 01:39:39.618  WARN 49548 --- [scheduling-1] com.zaxxer.hikari.pool.PoolBase          : DatebookHikariCP - Failed to validate connection com.mysql.cj.jdbc.ConnectionImpl@4299d3a3 (No operations allowed after connection closed.). Possibly consider using a shorter maxLifetime value.
2026-03-23 01:39:39.631  WARN 49548 --- [scheduling-1] com.zaxxer.hikari.pool.PoolBase          : DatebookHikariCP - Failed to validate connection com.mysql.cj.jdbc.ConnectionImpl@b66c345 (No operations allowed after connection closed.). Possibly consider using a shorter maxLifetime value.
2026-03-23 01:39:39.639  WARN 49548 --- [scheduling-1] com.zaxxer.hikari.pool.PoolBase          : DatebookHikariCP - Failed to validate connection com.mysql.cj.jdbc.ConnectionImpl@73677527 (No operations allowed after connection closed.). Possibly consider using a shorter maxLifetime value.
2026-03-23 01:39:39.644  WARN 49548 --- [scheduling-1] com.zaxxer.hikari.pool.PoolBase          : DatebookHikariCP - Failed to validate connection com.mysql.cj.jdbc.ConnectionImpl@2735ece6 (No operations allowed after connection closed.). Possibly consider using a shorter maxLifetime value.
2026-03-23 01:58:51.437  WARN 49548 --- [DatebookHikariCP housekeeper] com.zaxxer.hikari.pool.HikariPool        : DatebookHikariCP - Thread starvation or clock leap detected (housekeeper delta=19m11s278ms).
2026-03-23 01:59:30.853  WARN 49548 --- [scheduling-1] com.zaxxer.hikari.pool.PoolBase          : DatebookHikariCP - Failed to validate connection com.mysql.cj.jdbc.ConnectionImpl@16fcb5a1 (No operations allowed after connection closed.). Possibly consider using a shorter maxLifetime value.
2026-03-23 01:59:30.860  WARN 49548 --- [scheduling-1] com.zaxxer.hikari.pool.PoolBase          : DatebookHikariCP - Failed to validate connection com.mysql.cj.jdbc.ConnectionImpl@674624aa (No operations allowed after connection closed.). Possibly consider using a shorter maxLifetime value.
2026-03-23 01:59:30.864  WARN 49548 --- [scheduling-1] com.zaxxer.hikari.pool.PoolBase          : DatebookHikariCP - Failed to validate connection com.mysql.cj.jdbc.ConnectionImpl@6813e6d2 (No operations allowed after connection closed.). Possibly consider using a shorter maxLifetime value.
2026-03-23 01:59:30.865  WARN 49548 --- [scheduling-1] com.zaxxer.hikari.pool.PoolBase          : DatebookHikariCP - Failed to validate connection com.mysql.cj.jdbc.ConnectionImpl@3b6f6d88 (No operations allowed after connection closed.). Possibly consider using a shorter maxLifetime value.
2026-03-23 01:59:30.866  WARN 49548 --- [scheduling-1] com.zaxxer.hikari.pool.PoolBase          : DatebookHikariCP - Failed to validate connection com.mysql.cj.jdbc.ConnectionImpl@968c5d5 (No operations allowed after connection closed.). Possibly consider using a shorter maxLifetime value.
2026-03-23 02:15:56.705  WARN 49548 --- [DatebookHikariCP housekeeper] com.zaxxer.hikari.pool.HikariPool        : DatebookHikariCP - Thread starvation or clock leap detected (housekeeper delta=15m55s758ms).
2026-03-23 02:31:56.646  WARN 49548 --- [scheduling-1] com.zaxxer.hikari.pool.PoolBase          : DatebookHikariCP - Failed to validate connection com.mysql.cj.jdbc.ConnectionImpl@288f9b79 (No operations allowed after connection closed.). Possibly consider using a shorter maxLifetime value.
2026-03-23 02:32:21.715  WARN 49548 --- [DatebookHikariCP housekeeper] com.zaxxer.hikari.pool.HikariPool        : DatebookHikariCP - Thread starvation or clock leap detected (housekeeper delta=15m54s994ms).
2026-03-23 02:48:17.556  WARN 49548 --- [DatebookHikariCP housekeeper] com.zaxxer.hikari.pool.HikariPool        : DatebookHikariCP - Thread starvation or clock leap detected (housekeeper delta=15m55s843ms).
2026-03-23 02:48:27.502  WARN 49548 --- [scheduling-1] com.zaxxer.hikari.pool.PoolBase          : DatebookHikariCP - Failed to validate connection com.mysql.cj.jdbc.ConnectionImpl@16302551 (No operations allowed after connection closed.). Possibly consider using a shorter maxLifetime value.
2026-03-23 02:48:32.557  WARN 49548 --- [scheduling-1] com.zaxxer.hikari.pool.PoolBase          : DatebookHikariCP - Failed to validate connection com.mysql.cj.jdbc.ConnectionImpl@4ff7baee (No operations allowed after connection closed.). Possibly consider using a shorter maxLifetime value.
2026-03-23 02:48:37.588  WARN 49548 --- [scheduling-1] com.zaxxer.hikari.pool.PoolBase          : DatebookHikariCP - Failed to validate connection com.mysql.cj.jdbc.ConnectionImpl@53071c67 (No operations allowed after connection closed.). Possibly consider using a shorter maxLifetime value.
2026-03-23 02:48:42.616  WARN 49548 --- [scheduling-1] com.zaxxer.hikari.pool.PoolBase          : DatebookHikariCP - Failed to validate connection com.mysql.cj.jdbc.ConnectionImpl@62a38348 (No operations allowed after connection closed.). Possibly consider using a shorter maxLifetime value.
2026-03-23 02:48:47.635  WARN 49548 --- [scheduling-1] com.zaxxer.hikari.pool.PoolBase          : DatebookHikariCP - Failed to validate connection com.mysql.cj.jdbc.ConnectionImpl@18afa0d2 (No operations allowed after connection closed.). Possibly consider using a shorter maxLifetime value.
2026-03-23 03:04:43.381  WARN 49548 --- [DatebookHikariCP housekeeper] com.zaxxer.hikari.pool.HikariPool        : DatebookHikariCP - Thread starvation or clock leap detected (housekeeper delta=15m55s790ms).
2026-03-23 03:20:27.914  WARN 49548 --- [DatebookHikariCP housekeeper] com.zaxxer.hikari.pool.HikariPool        : DatebookHikariCP - Thread starvation or clock leap detected (housekeeper delta=15m44s535ms).
2026-03-23 03:20:58.041  WARN 49548 --- [scheduling-1] com.zaxxer.hikari.pool.PoolBase          : DatebookHikariCP - Failed to validate connection com.mysql.cj.jdbc.ConnectionImpl@68321e73 (No operations allowed after connection closed.). Possibly consider using a shorter maxLifetime value.
2026-03-23 03:21:03.061  WARN 49548 --- [scheduling-1] com.zaxxer.hikari.pool.PoolBase          : DatebookHikariCP - Failed to validate connection com.mysql.cj.jdbc.ConnectionImpl@2ce84b25 (No operations allowed after connection closed.). Possibly consider using a shorter maxLifetime value.
2026-03-23 03:21:22.830  WARN 49548 --- [DatebookHikariCP housekeeper] com.zaxxer.hikari.pool.HikariPool        : DatebookHikariCP - Thread starvation or clock leap detected (housekeeper delta=54s916ms).
2026-03-23 03:37:42.698  WARN 49548 --- [DatebookHikariCP housekeeper] com.zaxxer.hikari.pool.HikariPool        : DatebookHikariCP - Thread starvation or clock leap detected (housekeeper delta=16m19s868ms).
2026-03-23 03:37:57.954  WARN 49548 --- [scheduling-1] com.zaxxer.hikari.pool.PoolBase          : DatebookHikariCP - Failed to validate connection com.mysql.cj.jdbc.ConnectionImpl@2c1ee3a8 (No operations allowed after connection closed.). Possibly consider using a shorter maxLifetime value.
2026-03-23 03:38:02.977  WARN 49548 --- [scheduling-1] com.zaxxer.hikari.pool.PoolBase          : DatebookHikariCP - Failed to validate connection com.mysql.cj.jdbc.ConnectionImpl@3bd951ed (No operations allowed after connection closed.). Possibly consider using a shorter maxLifetime value.
2026-03-23 03:38:07.995  WARN 49548 --- [scheduling-1] com.zaxxer.hikari.pool.PoolBase          : DatebookHikariCP - Failed to validate connection com.mysql.cj.jdbc.ConnectionImpl@1a1fc2dd (No operations allowed after connection closed.). Possibly consider using a shorter maxLifetime value.
2026-03-23 03:38:13.004  WARN 49548 --- [scheduling-1] com.zaxxer.hikari.pool.PoolBase          : DatebookHikariCP - Failed to validate connection com.mysql.cj.jdbc.ConnectionImpl@20918a4d (No operations allowed after connection closed.). Possibly consider using a shorter maxLifetime value.
2026-03-23 03:38:18.025  WARN 49548 --- [scheduling-1] com.zaxxer.hikari.pool.PoolBase          : DatebookHikariCP - Failed to validate connection com.mysql.cj.jdbc.ConnectionImpl@3e162c93 (No operations allowed after connection closed.). Possibly consider using a shorter maxLifetime value.
2026-03-23 03:54:08.513  WARN 49548 --- [DatebookHikariCP housekeeper] com.zaxxer.hikari.pool.HikariPool        : DatebookHikariCP - Thread starvation or clock leap detected (housekeeper delta=15m55s799ms).
2026-03-23 04:10:03.538  WARN 49548 --- [DatebookHikariCP housekeeper] com.zaxxer.hikari.pool.HikariPool        : DatebookHikariCP - Thread starvation or clock leap detected (housekeeper delta=15m55s26ms).
2026-03-23 04:10:14.106  WARN 49548 --- [scheduling-1] com.zaxxer.hikari.pool.PoolBase          : DatebookHikariCP - Failed to validate connection com.mysql.cj.jdbc.ConnectionImpl@79f11dda (No operations allowed after connection closed.). Possibly consider using a shorter maxLifetime value.
2026-03-23 04:10:19.131  WARN 49548 --- [scheduling-1] com.zaxxer.hikari.pool.PoolBase          : DatebookHikariCP - Failed to validate connection com.mysql.cj.jdbc.ConnectionImpl@4dc51de0 (No operations allowed after connection closed.). Possibly consider using a shorter maxLifetime value.
2026-03-23 04:10:24.145  WARN 49548 --- [scheduling-1] com.zaxxer.hikari.pool.PoolBase          : DatebookHikariCP - Failed to validate connection com.mysql.cj.jdbc.ConnectionImpl@2b11643 (No operations allowed after connection closed.). Possibly consider using a shorter maxLifetime value.
2026-03-23 04:10:29.179  WARN 49548 --- [scheduling-1] com.zaxxer.hikari.pool.PoolBase          : DatebookHikariCP - Failed to validate connection com.mysql.cj.jdbc.ConnectionImpl@3a10c1c9 (No operations allowed after connection closed.). Possibly consider using a shorter maxLifetime value.
2026-03-23 04:25:59.397  WARN 49548 --- [DatebookHikariCP housekeeper] com.zaxxer.hikari.pool.HikariPool        : DatebookHikariCP - Thread starvation or clock leap detected (housekeeper delta=15m55s856ms).
2026-03-23 04:26:00.041  WARN 49548 --- [scheduling-1] com.zaxxer.hikari.pool.PoolBase          : DatebookHikariCP - Failed to validate connection com.mysql.cj.jdbc.ConnectionImpl@5556f7d0 (No operations allowed after connection closed.). Possibly consider using a shorter maxLifetime value.
2026-03-23 04:42:25.178  WARN 49548 --- [DatebookHikariCP housekeeper] com.zaxxer.hikari.pool.HikariPool        : DatebookHikariCP - Thread starvation or clock leap detected (housekeeper delta=15m55s764ms).
2026-03-23 04:42:30.828  WARN 49548 --- [scheduling-1] com.zaxxer.hikari.pool.PoolBase          : DatebookHikariCP - Failed to validate connection com.mysql.cj.jdbc.ConnectionImpl@42c6df83 (No operations allowed after connection closed.). Possibly consider using a shorter maxLifetime value.
2026-03-23 04:42:35.858  WARN 49548 --- [scheduling-1] com.zaxxer.hikari.pool.PoolBase          : DatebookHikariCP - Failed to validate connection com.mysql.cj.jdbc.ConnectionImpl@7c53c55f (No operations allowed after connection closed.). Possibly consider using a shorter maxLifetime value.
2026-03-23 04:42:40.882  WARN 49548 --- [scheduling-1] com.zaxxer.hikari.pool.PoolBase          : DatebookHikariCP - Failed to validate connection com.mysql.cj.jdbc.ConnectionImpl@7cec6531 (No operations allowed after connection closed.). Possibly consider using a shorter maxLifetime value.
2026-03-23 04:42:45.905  WARN 49548 --- [scheduling-1] com.zaxxer.hikari.pool.PoolBase          : DatebookHikariCP - Failed to validate connection com.mysql.cj.jdbc.ConnectionImpl@5cba8ece (No operations allowed after connection closed.). Possibly consider using a shorter maxLifetime value.
2026-03-23 04:42:50.926  WARN 49548 --- [scheduling-1] com.zaxxer.hikari.pool.PoolBase          : DatebookHikariCP - Failed to validate connection com.mysql.cj.jdbc.ConnectionImpl@5f155d6c (No operations allowed after connection closed.). Possibly consider using a shorter maxLifetime value.
2026-03-23 04:58:50.145  WARN 49548 --- [DatebookHikariCP housekeeper] com.zaxxer.hikari.pool.HikariPool        : DatebookHikariCP - Thread starvation or clock leap detected (housekeeper delta=15m54s968ms).
2026-03-23 05:14:45.150  WARN 49548 --- [DatebookHikariCP housekeeper] com.zaxxer.hikari.pool.HikariPool        : DatebookHikariCP - Thread starvation or clock leap detected (housekeeper delta=15m55s5ms).
2026-03-23 05:15:10.933  WARN 49548 --- [scheduling-1] com.zaxxer.hikari.pool.PoolBase          : DatebookHikariCP - Failed to validate connection com.mysql.cj.jdbc.ConnectionImpl@29b97d98 (No operations allowed after connection closed.). Possibly consider using a shorter maxLifetime value.
2026-03-23 05:15:16.039  WARN 49548 --- [scheduling-1] com.zaxxer.hikari.pool.PoolBase          : DatebookHikariCP - Failed to validate connection com.mysql.cj.jdbc.ConnectionImpl@2bccb671 (No operations allowed after connection closed.). Possibly consider using a shorter maxLifetime value.
2026-03-23 05:15:40.026  WARN 49548 --- [DatebookHikariCP housekeeper] com.zaxxer.hikari.pool.HikariPool        : DatebookHikariCP - Thread starvation or clock leap detected (housekeeper delta=54s877ms).
2026-03-23 05:31:46.879  WARN 49548 --- [DatebookHikariCP housekeeper] com.zaxxer.hikari.pool.HikariPool        : DatebookHikariCP - Thread starvation or clock leap detected (housekeeper delta=16m6s851ms).
2026-03-23 05:31:57.919  WARN 49548 --- [scheduling-1] com.zaxxer.hikari.pool.PoolBase          : DatebookHikariCP - Failed to validate connection com.mysql.cj.jdbc.ConnectionImpl@458464b (No operations allowed after connection closed.). Possibly consider using a shorter maxLifetime value.
2026-03-23 05:32:02.939  WARN 49548 --- [scheduling-1] com.zaxxer.hikari.pool.PoolBase          : DatebookHikariCP - Failed to validate connection com.mysql.cj.jdbc.ConnectionImpl@3bbb8546 (No operations allowed after connection closed.). Possibly consider using a shorter maxLifetime value.
2026-03-23 05:32:07.958  WARN 49548 --- [scheduling-1] com.zaxxer.hikari.pool.PoolBase          : DatebookHikariCP - Failed to validate connection com.mysql.cj.jdbc.ConnectionImpl@360d42d5 (No operations allowed after connection closed.). Possibly consider using a shorter maxLifetime value.
2026-03-23 05:32:12.973  WARN 49548 --- [scheduling-1] com.zaxxer.hikari.pool.PoolBase          : DatebookHikariCP - Failed to validate connection com.mysql.cj.jdbc.ConnectionImpl@53accc8c (No operations allowed after connection closed.). Possibly consider using a shorter maxLifetime value.
2026-03-23 05:32:17.991  WARN 49548 --- [scheduling-1] com.zaxxer.hikari.pool.PoolBase          : DatebookHikariCP - Failed to validate connection com.mysql.cj.jdbc.ConnectionImpl@7677cf1c (No operations allowed after connection closed.). Possibly consider using a shorter maxLifetime value.
2026-03-23 05:48:12.746  WARN 49548 --- [DatebookHikariCP housekeeper] com.zaxxer.hikari.pool.HikariPool        : DatebookHikariCP - Thread starvation or clock leap detected (housekeeper delta=15m55s853ms).
2026-03-23 06:04:08.545  WARN 49548 --- [DatebookHikariCP housekeeper] com.zaxxer.hikari.pool.HikariPool        : DatebookHikariCP - Thread starvation or clock leap detected (housekeeper delta=15m55s800ms).
2026-03-23 06:04:14.893  WARN 49548 --- [scheduling-1] com.zaxxer.hikari.pool.PoolBase          : DatebookHikariCP - Failed to validate connection com.mysql.cj.jdbc.ConnectionImpl@43c319d2 (No operations allowed after connection closed.). Possibly consider using a shorter maxLifetime value.
2026-03-23 06:04:19.912  WARN 49548 --- [scheduling-1] com.zaxxer.hikari.pool.PoolBase          : DatebookHikariCP - Failed to validate connection com.mysql.cj.jdbc.ConnectionImpl@6c686422 (No operations allowed after connection closed.). Possibly consider using a shorter maxLifetime value.
2026-03-23 06:04:24.937  WARN 49548 --- [scheduling-1] com.zaxxer.hikari.pool.PoolBase          : DatebookHikariCP - Failed to validate connection com.mysql.cj.jdbc.ConnectionImpl@646016ca (No operations allowed after connection closed.). Possibly consider using a shorter maxLifetime value.
2026-03-23 06:04:29.957  WARN 49548 --- [scheduling-1] com.zaxxer.hikari.pool.PoolBase          : DatebookHikariCP - Failed to validate connection com.mysql.cj.jdbc.ConnectionImpl@bcc2f0d (No operations allowed after connection closed.). Possibly consider using a shorter maxLifetime value.
2026-03-23 06:04:34.982  WARN 49548 --- [scheduling-1] com.zaxxer.hikari.pool.PoolBase          : DatebookHikariCP - Failed to validate connection com.mysql.cj.jdbc.ConnectionImpl@3cee9ac9 (No operations allowed after connection closed.). Possibly consider using a shorter maxLifetime value.
2026-03-23 06:20:34.229  WARN 49548 --- [DatebookHikariCP housekeeper] com.zaxxer.hikari.pool.HikariPool        : DatebookHikariCP - Thread starvation or clock leap detected (housekeeper delta=15m55s673ms).
2026-03-23 06:36:29.941  WARN 49548 --- [DatebookHikariCP housekeeper] com.zaxxer.hikari.pool.HikariPool        : DatebookHikariCP - Thread starvation or clock leap detected (housekeeper delta=15m55s708ms).
2026-03-23 06:36:31.607  WARN 49548 --- [scheduling-1] com.zaxxer.hikari.pool.PoolBase          : DatebookHikariCP - Failed to validate connection com.mysql.cj.jdbc.ConnectionImpl@5246478f (No operations allowed after connection closed.). Possibly consider using a shorter maxLifetime value.
2026-03-23 06:43:26.770  WARN 49548 --- [DatebookHikariCP housekeeper] com.zaxxer.hikari.pool.HikariPool        : DatebookHikariCP - Thread starvation or clock leap detected (housekeeper delta=6m26s822ms).
2026-03-23 06:43:33.487  WARN 49548 --- [scheduling-1] com.zaxxer.hikari.pool.PoolBase          : DatebookHikariCP - Failed to validate connection com.mysql.cj.jdbc.ConnectionImpl@a354e8d (No operations allowed after connection closed.). Possibly consider using a shorter maxLifetime value.
2026-03-23 06:43:38.520  WARN 49548 --- [scheduling-1] com.zaxxer.hikari.pool.PoolBase          : DatebookHikariCP - Failed to validate connection com.mysql.cj.jdbc.ConnectionImpl@5a325056 (No operations allowed after connection closed.). Possibly consider using a shorter maxLifetime value.
2026-03-23 06:43:43.530  WARN 49548 --- [scheduling-1] com.zaxxer.hikari.pool.PoolBase          : DatebookHikariCP - Failed to validate connection com.mysql.cj.jdbc.ConnectionImpl@6ce6e6ed (No operations allowed after connection closed.). Possibly consider using a shorter maxLifetime value.
2026-03-23 06:43:48.538  WARN 49548 --- [scheduling-1] com.zaxxer.hikari.pool.PoolBase          : DatebookHikariCP - Failed to validate connection com.mysql.cj.jdbc.ConnectionImpl@73ba711 (No operations allowed after connection closed.). Possibly consider using a shorter maxLifetime value.
2026-03-23 06:43:53.554  WARN 49548 --- [scheduling-1] com.zaxxer.hikari.pool.PoolBase          : DatebookHikariCP - Failed to validate connection com.mysql.cj.jdbc.ConnectionImpl@3f7217d6 (No operations allowed after connection closed.). Possibly consider using a shorter maxLifetime value.
2026-03-23 06:59:51.830  WARN 49548 --- [DatebookHikariCP housekeeper] com.zaxxer.hikari.pool.HikariPool        : DatebookHikariCP - Thread starvation or clock leap detected (housekeeper delta=15m55s50ms).
2026-03-23 07:15:46.930  WARN 49548 --- [DatebookHikariCP housekeeper] com.zaxxer.hikari.pool.HikariPool        : DatebookHikariCP - Thread starvation or clock leap detected (housekeeper delta=15m55s101ms).
2026-03-23 07:15:48.866  WARN 49548 --- [scheduling-1] com.zaxxer.hikari.pool.PoolBase          : DatebookHikariCP - Failed to validate connection com.mysql.cj.jdbc.ConnectionImpl@416b8039 (No operations allowed after connection closed.). Possibly consider using a shorter maxLifetime value.
2026-03-23 07:15:53.875  WARN 49548 --- [scheduling-1] com.zaxxer.hikari.pool.PoolBase          : DatebookHikariCP - Failed to validate connection com.mysql.cj.jdbc.ConnectionImpl@6646d590 (No operations allowed after connection closed.). Possibly consider using a shorter maxLifetime value.
2026-03-23 07:15:58.901  WARN 49548 --- [scheduling-1] com.zaxxer.hikari.pool.PoolBase          : DatebookHikariCP - Failed to validate connection com.mysql.cj.jdbc.ConnectionImpl@c2ec9d6 (No operations allowed after connection closed.). Possibly consider using a shorter maxLifetime value.
2026-03-23 07:16:04.017  WARN 49548 --- [scheduling-1] com.zaxxer.hikari.pool.PoolBase          : DatebookHikariCP - Failed to validate connection com.mysql.cj.jdbc.ConnectionImpl@28955dd4 (No operations allowed after connection closed.). Possibly consider using a shorter maxLifetime value.
2026-03-23 07:16:09.063  WARN 49548 --- [scheduling-1] com.zaxxer.hikari.pool.PoolBase          : DatebookHikariCP - Failed to validate connection com.mysql.cj.jdbc.ConnectionImpl@6e61cce6 (No operations allowed after connection closed.). Possibly consider using a shorter maxLifetime value.
2026-03-23 07:32:37.556  WARN 49548 --- [DatebookHikariCP housekeeper] com.zaxxer.hikari.pool.HikariPool        : DatebookHikariCP - Thread starvation or clock leap detected (housekeeper delta=16m20s634ms).
2026-03-23 07:33:05.021  WARN 49548 --- [scheduling-1] com.zaxxer.hikari.pool.PoolBase          : DatebookHikariCP - Failed to validate connection com.mysql.cj.jdbc.ConnectionImpl@41310194 (No operations allowed after connection closed.). Possibly consider using a shorter maxLifetime value.
2026-03-23 07:33:10.051  WARN 49548 --- [scheduling-1] com.zaxxer.hikari.pool.PoolBase          : DatebookHikariCP - Failed to validate connection com.mysql.cj.jdbc.ConnectionImpl@589e3501 (No operations allowed after connection closed.). Possibly consider using a shorter maxLifetime value.
2026-03-23 07:44:13.013  WARN 49548 --- [scheduling-1] com.zaxxer.hikari.pool.PoolBase          : DatebookHikariCP - Failed to validate connection com.mysql.cj.jdbc.ConnectionImpl@622e00c0 (No operations allowed after connection closed.). Possibly consider using a shorter maxLifetime value.
2026-03-23 07:44:35.551  WARN 49548 --- [DatebookHikariCP housekeeper] com.zaxxer.hikari.pool.HikariPool        : DatebookHikariCP - Thread starvation or clock leap detected (housekeeper delta=11m27s963ms).
2026-03-23 08:00:36.550  WARN 49548 --- [DatebookHikariCP housekeeper] com.zaxxer.hikari.pool.HikariPool        : DatebookHikariCP - Thread starvation or clock leap detected (housekeeper delta=16m1s10ms).
2026-03-23 08:00:49.046  WARN 49548 --- [scheduling-1] com.zaxxer.hikari.pool.PoolBase          : DatebookHikariCP - Failed to validate connection com.mysql.cj.jdbc.ConnectionImpl@19912566 (No operations allowed after connection closed.). Possibly consider using a shorter maxLifetime value.
2026-03-23 08:00:54.065  WARN 49548 --- [scheduling-1] com.zaxxer.hikari.pool.PoolBase          : DatebookHikariCP - Failed to validate connection com.mysql.cj.jdbc.ConnectionImpl@6b7889ab (No operations allowed after connection closed.). Possibly consider using a shorter maxLifetime value.
2026-03-23 08:00:59.080  WARN 49548 --- [scheduling-1] com.zaxxer.hikari.pool.PoolBase          : DatebookHikariCP - Failed to validate connection com.mysql.cj.jdbc.ConnectionImpl@4ab0716e (No operations allowed after connection closed.). Possibly consider using a shorter maxLifetime value.
2026-03-23 08:01:04.096  WARN 49548 --- [scheduling-1] com.zaxxer.hikari.pool.PoolBase          : DatebookHikariCP - Failed to validate connection com.mysql.cj.jdbc.ConnectionImpl@36a6ee5f (No operations allowed after connection closed.). Possibly consider using a shorter maxLifetime value.
2026-03-23 08:16:16.518  WARN 49548 --- [scheduling-1] com.zaxxer.hikari.pool.PoolBase          : DatebookHikariCP - Failed to validate connection com.mysql.cj.jdbc.ConnectionImpl@73e8d05c (No operations allowed after connection closed.). Possibly consider using a shorter maxLifetime value.
2026-03-23 08:17:10.003  WARN 49548 --- [DatebookHikariCP housekeeper] com.zaxxer.hikari.pool.HikariPool        : DatebookHikariCP - Thread starvation or clock leap detected (housekeeper delta=16m3s416ms).
2026-03-23 08:33:17.916  WARN 49548 --- [DatebookHikariCP housekeeper] com.zaxxer.hikari.pool.HikariPool        : DatebookHikariCP - Thread starvation or clock leap detected (housekeeper delta=16m7s928ms).
2026-03-23 08:33:24.347  WARN 49548 --- [scheduling-1] com.zaxxer.hikari.pool.PoolBase          : DatebookHikariCP - Failed to validate connection com.mysql.cj.jdbc.ConnectionImpl@b30603f (No operations allowed after connection closed.). Possibly consider using a shorter maxLifetime value.
2026-03-23 08:33:29.367  WARN 49548 --- [scheduling-1] com.zaxxer.hikari.pool.PoolBase          : DatebookHikariCP - Failed to validate connection com.mysql.cj.jdbc.ConnectionImpl@53f3bbed (No operations allowed after connection closed.). Possibly consider using a shorter maxLifetime value.
2026-03-23 08:33:34.388  WARN 49548 --- [scheduling-1] com.zaxxer.hikari.pool.PoolBase          : DatebookHikariCP - Failed to validate connection com.mysql.cj.jdbc.ConnectionImpl@7c1199f8 (No operations allowed after connection closed.). Possibly consider using a shorter maxLifetime value.
2026-03-23 08:33:39.524  WARN 49548 --- [scheduling-1] com.zaxxer.hikari.pool.PoolBase          : DatebookHikariCP - Failed to validate connection com.mysql.cj.jdbc.ConnectionImpl@3334ede7 (No operations allowed after connection closed.). Possibly consider using a shorter maxLifetime value.
2026-03-23 08:33:44.600  WARN 49548 --- [scheduling-1] com.zaxxer.hikari.pool.PoolBase          : DatebookHikariCP - Failed to validate connection com.mysql.cj.jdbc.ConnectionImpl@7671dc5f (No operations allowed after connection closed.). Possibly consider using a shorter maxLifetime value.
2026-03-23 08:45:28.439  WARN 49548 --- [DatebookHikariCP housekeeper] com.zaxxer.hikari.pool.HikariPool        : DatebookHikariCP - Thread starvation or clock leap detected (housekeeper delta=11m40s508ms).
2026-03-23 08:50:44.397  WARN 49548 --- [scheduling-1] com.zaxxer.hikari.pool.PoolBase          : DatebookHikariCP - Failed to validate connection com.mysql.cj.jdbc.ConnectionImpl@2b5fae87 (No operations allowed after connection closed.). Possibly consider using a shorter maxLifetime value.
2026-03-23 08:51:12.507  WARN 49548 --- [DatebookHikariCP housekeeper] com.zaxxer.hikari.pool.HikariPool        : DatebookHikariCP - Thread starvation or clock leap detected (housekeeper delta=5m14s27ms).
2026-03-23 08:52:28.985  WARN 49548 --- [DatebookHikariCP housekeeper] com.zaxxer.hikari.pool.HikariPool        : DatebookHikariCP - Thread starvation or clock leap detected (housekeeper delta=1m16s510ms).
2026-03-23 08:52:35.738  WARN 49548 --- [scheduling-1] com.zaxxer.hikari.pool.PoolBase          : DatebookHikariCP - Failed to validate connection com.mysql.cj.jdbc.ConnectionImpl@14a1408f (No operations allowed after connection closed.). Possibly consider using a shorter maxLifetime value.
2026-03-23 08:52:40.756  WARN 49548 --- [scheduling-1] com.zaxxer.hikari.pool.PoolBase          : DatebookHikariCP - Failed to validate connection com.mysql.cj.jdbc.ConnectionImpl@38cb9773 (No operations allowed after connection closed.). Possibly consider using a shorter maxLifetime value.
2026-03-23 08:52:45.778  WARN 49548 --- [scheduling-1] com.zaxxer.hikari.pool.PoolBase          : DatebookHikariCP - Failed to validate connection com.mysql.cj.jdbc.ConnectionImpl@63c21165 (No operations allowed after connection closed.). Possibly consider using a shorter maxLifetime value.
2026-03-23 08:52:50.796  WARN 49548 --- [scheduling-1] com.zaxxer.hikari.pool.PoolBase          : DatebookHikariCP - Failed to validate connection com.mysql.cj.jdbc.ConnectionImpl@7adf0f4d (No operations allowed after connection closed.). Possibly consider using a shorter maxLifetime value.
2026-03-23 08:52:55.814  WARN 49548 --- [scheduling-1] com.zaxxer.hikari.pool.PoolBase          : DatebookHikariCP - Failed to validate connection com.mysql.cj.jdbc.ConnectionImpl@383660bd (No operations allowed after connection closed.). Possibly consider using a shorter maxLifetime value.
2026-03-23 08:54:01.321  WARN 49548 --- [scheduling-1] com.zaxxer.hikari.pool.PoolBase          : DatebookHikariCP - Failed to validate connection com.mysql.cj.jdbc.ConnectionImpl@5fd32aaf (No operations allowed after connection closed.). Possibly consider using a shorter maxLifetime value.
2026-03-23 08:54:06.396  WARN 49548 --- [scheduling-1] com.zaxxer.hikari.pool.PoolBase          : DatebookHikariCP - Failed to validate connection com.mysql.cj.jdbc.ConnectionImpl@2d5f91ee (No operations allowed after connection closed.). Possibly consider using a shorter maxLifetime value.
2026-03-23 08:54:12.041  WARN 49548 --- [scheduling-1] com.zaxxer.hikari.pool.PoolBase          : DatebookHikariCP - Failed to validate connection com.mysql.cj.jdbc.ConnectionImpl@628ee740 (No operations allowed after connection closed.). Possibly consider using a shorter maxLifetime value.
2026-03-23 08:54:19.717  WARN 49548 --- [scheduling-1] com.zaxxer.hikari.pool.PoolBase          : DatebookHikariCP - Failed to validate connection com.mysql.cj.jdbc.ConnectionImpl@22c2504e (No operations allowed after connection closed.). Possibly consider using a shorter maxLifetime value.
2026-03-23 08:54:27.155  WARN 49548 --- [scheduling-1] com.zaxxer.hikari.pool.PoolBase          : DatebookHikariCP - Failed to validate connection com.mysql.cj.jdbc.ConnectionImpl@61ed8baf (No operations allowed after connection closed.). Possibly consider using a shorter maxLifetime value.
2026-03-23 09:07:03.321 ERROR 49548 --- [scheduling-1] o.s.s.s.TaskUtils$LoggingErrorHandler    : Unexpected error occurred in scheduled task

org.springframework.jdbc.CannotGetJdbcConnectionException: Failed to obtain JDBC Connection; nested exception is java.sql.SQLTransientConnectionException: DatebookHikariCP - Connection is not available, request timed out after 30106ms.
	at org.springframework.jdbc.datasource.DataSourceUtils.getConnection(DataSourceUtils.java:84) ~[spring-jdbc-5.3.30.jar:5.3.30]
	at org.springframework.jdbc.core.JdbcTemplate.execute(JdbcTemplate.java:645) ~[spring-jdbc-5.3.30.jar:5.3.30]
	at org.springframework.jdbc.core.JdbcTemplate.query(JdbcTemplate.java:715) ~[spring-jdbc-5.3.30.jar:5.3.30]
	at org.springframework.jdbc.core.JdbcTemplate.query(JdbcTemplate.java:746) ~[spring-jdbc-5.3.30.jar:5.3.30]
	at org.springframework.jdbc.core.JdbcTemplate.query(JdbcTemplate.java:759) ~[spring-jdbc-5.3.30.jar:5.3.30]
	at org.springframework.jdbc.core.JdbcTemplate.queryForObject(JdbcTemplate.java:881) ~[spring-jdbc-5.3.30.jar:5.3.30]
	at org.springframework.jdbc.core.JdbcTemplate.queryForObject(JdbcTemplate.java:908) ~[spring-jdbc-5.3.30.jar:5.3.30]
	at com.ssy.service.impl.AuditLogService.tableExists(AuditLogService.java:409) ~[classes/:na]
	at com.ssy.service.impl.AuditLogService.getConfig(AuditLogService.java:44) ~[classes/:na]
	at com.ssy.service.impl.AuditLogService.cleanupExpiredLogs(AuditLogService.java:235) ~[classes/:na]
	at java.base/jdk.internal.reflect.NativeMethodAccessorImpl.invoke0(Native Method) ~[na:na]
	at java.base/jdk.internal.reflect.NativeMethodAccessorImpl.invoke(NativeMethodAccessorImpl.java:62) ~[na:na]
	at java.base/jdk.internal.reflect.DelegatingMethodAccessorImpl.invoke(DelegatingMethodAccessorImpl.java:43) ~[na:na]
	at java.base/java.lang.reflect.Method.invoke(Method.java:566) ~[na:na]
	at org.springframework.scheduling.support.ScheduledMethodRunnable.run(ScheduledMethodRunnable.java:84) ~[spring-context-5.3.30.jar:5.3.30]
	at org.springframework.scheduling.support.DelegatingErrorHandlingRunnable.run(DelegatingErrorHandlingRunnable.java:54) ~[spring-context-5.3.30.jar:5.3.30]
	at org.springframework.scheduling.concurrent.ReschedulingRunnable.run(ReschedulingRunnable.java:95) ~[spring-context-5.3.30.jar:5.3.30]
	at java.base/java.util.concurrent.Executors$RunnableAdapter.call(Executors.java:515) ~[na:na]
	at java.base/java.util.concurrent.FutureTask.run(FutureTask.java:264) ~[na:na]
	at java.base/java.util.concurrent.ScheduledThreadPoolExecutor$ScheduledFutureTask.run(ScheduledThreadPoolExecutor.java:304) ~[na:na]
	at java.base/java.util.concurrent.ThreadPoolExecutor.runWorker(ThreadPoolExecutor.java:1128) ~[na:na]
	at java.base/java.util.concurrent.ThreadPoolExecutor$Worker.run(ThreadPoolExecutor.java:628) ~[na:na]
	at java.base/java.lang.Thread.run(Thread.java:829) ~[na:na]
Caused by: java.sql.SQLTransientConnectionException: DatebookHikariCP - Connection is not available, request timed out after 30106ms.
	at com.zaxxer.hikari.pool.HikariPool.createTimeoutException(HikariPool.java:696) ~[HikariCP-4.0.3.jar:na]
	at com.zaxxer.hikari.pool.HikariPool.getConnection(HikariPool.java:197) ~[HikariCP-4.0.3.jar:na]
	at com.zaxxer.hikari.pool.HikariPool.getConnection(HikariPool.java:162) ~[HikariCP-4.0.3.jar:na]
	at com.zaxxer.hikari.HikariDataSource.getConnection(HikariDataSource.java:128) ~[HikariCP-4.0.3.jar:na]
	at org.springframework.jdbc.datasource.DataSourceUtils.fetchConnection(DataSourceUtils.java:160) ~[spring-jdbc-5.3.30.jar:5.3.30]
	at org.springframework.jdbc.datasource.DataSourceUtils.doGetConnection(DataSourceUtils.java:118) ~[spring-jdbc-5.3.30.jar:5.3.30]
	at org.springframework.jdbc.datasource.DataSourceUtils.getConnection(DataSourceUtils.java:81) ~[spring-jdbc-5.3.30.jar:5.3.30]
	... 22 common frames omitted
Caused by: com.mysql.cj.jdbc.exceptions.CommunicationsException: Communications link failure

The last packet sent successfully to the server was 0 milliseconds ago. The driver has not received any packets from the server.
	at com.mysql.cj.jdbc.exceptions.SQLError.createCommunicationsException(SQLError.java:175) ~[mysql-connector-j-8.0.33.jar:8.0.33]
	at com.mysql.cj.jdbc.exceptions.SQLExceptionsMapping.translateException(SQLExceptionsMapping.java:64) ~[mysql-connector-j-8.0.33.jar:8.0.33]
	at com.mysql.cj.jdbc.ConnectionImpl.createNewIO(ConnectionImpl.java:825) ~[mysql-connector-j-8.0.33.jar:8.0.33]
	at com.mysql.cj.jdbc.ConnectionImpl.<init>(ConnectionImpl.java:446) ~[mysql-connector-j-8.0.33.jar:8.0.33]
	at com.mysql.cj.jdbc.ConnectionImpl.getInstance(ConnectionImpl.java:239) ~[mysql-connector-j-8.0.33.jar:8.0.33]
	at com.mysql.cj.jdbc.NonRegisteringDriver.connect(NonRegisteringDriver.java:188) ~[mysql-connector-j-8.0.33.jar:8.0.33]
	at com.zaxxer.hikari.util.DriverDataSource.getConnection(DriverDataSource.java:138) ~[HikariCP-4.0.3.jar:na]
	at com.zaxxer.hikari.pool.PoolBase.newConnection(PoolBase.java:364) ~[HikariCP-4.0.3.jar:na]
	at com.zaxxer.hikari.pool.PoolBase.newPoolEntry(PoolBase.java:206) ~[HikariCP-4.0.3.jar:na]
	at com.zaxxer.hikari.pool.HikariPool.createPoolEntry(HikariPool.java:476) ~[HikariCP-4.0.3.jar:na]
	at com.zaxxer.hikari.pool.HikariPool.access$100(HikariPool.java:71) ~[HikariCP-4.0.3.jar:na]
	at com.zaxxer.hikari.pool.HikariPool$PoolEntryCreator.call(HikariPool.java:726) ~[HikariCP-4.0.3.jar:na]
	at com.zaxxer.hikari.pool.HikariPool$PoolEntryCreator.call(HikariPool.java:712) ~[HikariCP-4.0.3.jar:na]
	at java.base/java.util.concurrent.FutureTask.run(FutureTask.java:264) ~[na:na]
	... 3 common frames omitted
Caused by: com.mysql.cj.exceptions.CJCommunicationsException: Communications link failure

The last packet sent successfully to the server was 0 milliseconds ago. The driver has not received any packets from the server.
	at jdk.internal.reflect.GeneratedConstructorAccessor101.newInstance(Unknown Source) ~[na:na]
	at java.base/jdk.internal.reflect.DelegatingConstructorAccessorImpl.newInstance(DelegatingConstructorAccessorImpl.java:45) ~[na:na]
	at java.base/java.lang.reflect.Constructor.newInstance(Constructor.java:490) ~[na:na]
	at com.mysql.cj.exceptions.ExceptionFactory.createException(ExceptionFactory.java:62) ~[mysql-connector-j-8.0.33.jar:8.0.33]
	at com.mysql.cj.exceptions.ExceptionFactory.createException(ExceptionFactory.java:105) ~[mysql-connector-j-8.0.33.jar:8.0.33]
	at com.mysql.cj.exceptions.ExceptionFactory.createException(ExceptionFactory.java:150) ~[mysql-connector-j-8.0.33.jar:8.0.33]
	at com.mysql.cj.exceptions.ExceptionFactory.createCommunicationsException(ExceptionFactory.java:166) ~[mysql-connector-j-8.0.33.jar:8.0.33]
	at com.mysql.cj.protocol.a.NativeSocketConnection.connect(NativeSocketConnection.java:89) ~[mysql-connector-j-8.0.33.jar:8.0.33]
	at com.mysql.cj.NativeSession.connect(NativeSession.java:121) ~[mysql-connector-j-8.0.33.jar:8.0.33]
	at com.mysql.cj.jdbc.ConnectionImpl.connectOneTryOnly(ConnectionImpl.java:945) ~[mysql-connector-j-8.0.33.jar:8.0.33]
	at com.mysql.cj.jdbc.ConnectionImpl.createNewIO(ConnectionImpl.java:815) ~[mysql-connector-j-8.0.33.jar:8.0.33]
	... 14 common frames omitted
Caused by: java.net.ConnectException: Network is unreachable (connect failed)
	at java.base/java.net.PlainSocketImpl.socketConnect(Native Method) ~[na:na]
	at java.base/java.net.AbstractPlainSocketImpl.doConnect(AbstractPlainSocketImpl.java:412) ~[na:na]
	at java.base/java.net.AbstractPlainSocketImpl.connectToAddress(AbstractPlainSocketImpl.java:255) ~[na:na]
	at java.base/java.net.AbstractPlainSocketImpl.connect(AbstractPlainSocketImpl.java:237) ~[na:na]
	at java.base/java.net.SocksSocketImpl.connect(SocksSocketImpl.java:392) ~[na:na]
	at java.base/java.net.Socket.connect(Socket.java:609) ~[na:na]
	at com.mysql.cj.protocol.StandardSocketFactory.connect(StandardSocketFactory.java:153) ~[mysql-connector-j-8.0.33.jar:8.0.33]
	at com.mysql.cj.protocol.a.NativeSocketConnection.connect(NativeSocketConnection.java:63) ~[mysql-connector-j-8.0.33.jar:8.0.33]
	... 17 common frames omitted

2026-03-23 09:11:34.975  WARN 49548 --- [DatebookHikariCP housekeeper] com.zaxxer.hikari.pool.HikariPool        : DatebookHikariCP - Thread starvation or clock leap detected (housekeeper delta=1m59s545ms).
2026-03-23 09:14:33.684  WARN 49548 --- [DatebookHikariCP housekeeper] com.zaxxer.hikari.pool.HikariPool        : DatebookHikariCP - Thread starvation or clock leap detected (housekeeper delta=2m28s680ms).
2026-03-23 09:18:49.065  WARN 49548 --- [DatebookHikariCP housekeeper] com.zaxxer.hikari.pool.HikariPool        : DatebookHikariCP - Thread starvation or clock leap detected (housekeeper delta=3m961ms).
2026-03-23 09:19:35.358  WARN 49548 --- [scheduling-1] com.zaxxer.hikari.pool.PoolBase          : DatebookHikariCP - Failed to validate connection com.mysql.cj.jdbc.ConnectionImpl@1c9c3f69 (No operations allowed after connection closed.). Possibly consider using a shorter maxLifetime value.
2026-03-23 09:19:40.388  WARN 49548 --- [scheduling-1] com.zaxxer.hikari.pool.PoolBase          : DatebookHikariCP - Failed to validate connection com.mysql.cj.jdbc.ConnectionImpl@1260c78a (No operations allowed after connection closed.). Possibly consider using a shorter maxLifetime value.
2026-03-23 09:20:41.811  WARN 49548 --- [scheduling-1] com.zaxxer.hikari.pool.PoolBase          : DatebookHikariCP - Failed to validate connection com.mysql.cj.jdbc.ConnectionImpl@723c3de5 (No operations allowed after connection closed.). Possibly consider using a shorter maxLifetime value.
2026-03-23 09:20:41.831  WARN 49548 --- [scheduling-1] com.zaxxer.hikari.pool.PoolBase          : DatebookHikariCP - Failed to validate connection com.mysql.cj.jdbc.ConnectionImpl@49484d9b (No operations allowed after connection closed.). Possibly consider using a shorter maxLifetime value.
2026-03-23 09:20:41.851  WARN 49548 --- [scheduling-1] com.zaxxer.hikari.pool.PoolBase          : DatebookHikariCP - Failed to validate connection com.mysql.cj.jdbc.ConnectionImpl@2f363b4b (No operations allowed after connection closed.). Possibly consider using a shorter maxLifetime value.
2026-03-23 09:22:23.918  WARN 49548 --- [scheduling-1] com.zaxxer.hikari.pool.PoolBase          : DatebookHikariCP - Failed to validate connection com.mysql.cj.jdbc.ConnectionImpl@42fb7c04 (No operations allowed after connection closed.). Possibly consider using a shorter maxLifetime value.
2026-03-23 09:22:47.886  WARN 49548 --- [DatebookHikariCP housekeeper] com.zaxxer.hikari.pool.HikariPool        : DatebookHikariCP - Thread starvation or clock leap detected (housekeeper delta=47s508ms).
2026-03-23 09:23:41.993  WARN 49548 --- [scheduling-1] com.zaxxer.hikari.pool.PoolBase          : DatebookHikariCP - Failed to validate connection com.mysql.cj.jdbc.ConnectionImpl@7665dbac (No operations allowed after connection closed.). Possibly consider using a shorter maxLifetime value.
2026-03-23 09:23:50.386  WARN 49548 --- [scheduling-1] com.zaxxer.hikari.pool.PoolBase          : DatebookHikariCP - Failed to validate connection com.mysql.cj.jdbc.ConnectionImpl@485d78e0 (No operations allowed after connection closed.). Possibly consider using a shorter maxLifetime value.
2026-03-23 09:23:54.272  WARN 49548 --- [scheduling-1] com.zaxxer.hikari.pool.PoolBase          : DatebookHikariCP - Failed to validate connection com.mysql.cj.jdbc.ConnectionImpl@526bc113 (No operations allowed after connection closed.). Possibly consider using a shorter maxLifetime value.
2026-03-23 09:23:58.140  WARN 49548 --- [scheduling-1] com.zaxxer.hikari.pool.PoolBase          : DatebookHikariCP - Failed to validate connection com.mysql.cj.jdbc.ConnectionImpl@763b097a (No operations allowed after connection closed.). Possibly consider using a shorter maxLifetime value.
